\BOOKMARK [0][-]{chapter.1}{Introduction}{}% 1
\BOOKMARK [0][-]{chapter.2}{A First Example}{}% 2
\BOOKMARK [0][-]{chapter.3}{Programming with Actors and Messages}{}% 3
\BOOKMARK [0][-]{chapter.4}{Expressions and Simple Functions}{}% 4
\BOOKMARK [1][-]{section.4.1}{Expressions And Simple Functions}{chapter.4}% 5
\BOOKMARK [1][-]{section.4.2}{Parameters}{chapter.4}% 6
\BOOKMARK [1][-]{section.4.3}{Conditional Expressions}{chapter.4}% 7
\BOOKMARK [1][-]{section.4.4}{Example: Square Roots by Newton's Method}{chapter.4}% 8
\BOOKMARK [1][-]{section.4.5}{Nested Functions}{chapter.4}% 9
\BOOKMARK [1][-]{section.4.6}{Tail Recursion}{chapter.4}% 10
\BOOKMARK [0][-]{chapter.5}{First-Class Functions}{}% 11
\BOOKMARK [1][-]{section.5.1}{Anonymous Functions}{chapter.5}% 12
\BOOKMARK [1][-]{section.5.2}{Currying}{chapter.5}% 13
\BOOKMARK [1][-]{section.5.3}{Example: Finding Fixed Points of Functions}{chapter.5}% 14
\BOOKMARK [1][-]{section.5.4}{Summary}{chapter.5}% 15
\BOOKMARK [1][-]{section.5.5}{Language Elements Seen So Far}{chapter.5}% 16
\BOOKMARK [0][-]{chapter.6}{Classes and Objects}{}% 17
\BOOKMARK [0][-]{chapter.7}{Case Classes and Pattern Matching}{}% 18
\BOOKMARK [1][-]{section.7.1}{Case Classes and Case Objects}{chapter.7}% 19
\BOOKMARK [1][-]{section.7.2}{Pattern Matching}{chapter.7}% 20
\BOOKMARK [0][-]{chapter.8}{Generic Types and Methods}{}% 21
\BOOKMARK [1][-]{section.8.1}{Type Parameter Bounds}{chapter.8}% 22
\BOOKMARK [1][-]{section.8.2}{Variance Annotations}{chapter.8}% 23
\BOOKMARK [1][-]{section.8.3}{Lower Bounds}{chapter.8}% 24
\BOOKMARK [1][-]{section.8.4}{Least Types}{chapter.8}% 25
\BOOKMARK [1][-]{section.8.5}{Tuples}{chapter.8}% 26
\BOOKMARK [1][-]{section.8.6}{Functions}{chapter.8}% 27
\BOOKMARK [0][-]{chapter.9}{Lists}{}% 28
\BOOKMARK [1][-]{section.9.1}{Using Lists}{chapter.9}% 29
\BOOKMARK [1][-]{section.9.2}{Definition of class List I: First Order Methods}{chapter.9}% 30
\BOOKMARK [1][-]{section.9.3}{Example: Merge sort}{chapter.9}% 31
\BOOKMARK [1][-]{section.9.4}{Definition of class List II: Higher-Order Methods}{chapter.9}% 32
\BOOKMARK [1][-]{section.9.5}{Summary}{chapter.9}% 33
\BOOKMARK [0][-]{chapter.10}{For-Comprehensions}{}% 34
\BOOKMARK [1][-]{section.10.1}{The N-Queens Problem}{chapter.10}% 35
\BOOKMARK [1][-]{section.10.2}{Querying with For-Comprehensions}{chapter.10}% 36
\BOOKMARK [1][-]{section.10.3}{Translation of For-Comprehensions}{chapter.10}% 37
\BOOKMARK [1][-]{section.10.4}{For-Loops}{chapter.10}% 38
\BOOKMARK [1][-]{section.10.5}{Generalizing For}{chapter.10}% 39
\BOOKMARK [0][-]{chapter.11}{Mutable State}{}% 40
\BOOKMARK [1][-]{section.11.1}{Stateful Objects}{chapter.11}% 41
\BOOKMARK [1][-]{section.11.2}{Imperative Control Structures}{chapter.11}% 42
\BOOKMARK [1][-]{section.11.3}{Extended Example: Discrete Event Simulation}{chapter.11}% 43
\BOOKMARK [1][-]{section.11.4}{Summary}{chapter.11}% 44
\BOOKMARK [0][-]{chapter.12}{Computing with Streams}{}% 45
\BOOKMARK [0][-]{chapter.13}{Iterators}{}% 46
\BOOKMARK [1][-]{section.13.1}{Iterator Methods}{chapter.13}% 47
\BOOKMARK [1][-]{section.13.2}{Constructing Iterators}{chapter.13}% 48
\BOOKMARK [1][-]{section.13.3}{Using Iterators}{chapter.13}% 49
\BOOKMARK [0][-]{chapter.14}{Lazy Values}{}% 50
\BOOKMARK [0][-]{chapter.15}{Implicit Parameters and Conversions}{}% 51
\BOOKMARK [0][-]{chapter.16}{Hindley/Milner Type Inference}{}% 52
\BOOKMARK [0][-]{chapter.17}{Abstractions for Concurrency}{}% 53
\BOOKMARK [1][-]{section.17.1}{Signals and Monitors}{chapter.17}% 54
\BOOKMARK [1][-]{section.17.2}{SyncVars}{chapter.17}% 55
\BOOKMARK [1][-]{section.17.3}{Futures}{chapter.17}% 56
\BOOKMARK [1][-]{section.17.4}{Parallel Computations}{chapter.17}% 57
\BOOKMARK [1][-]{section.17.5}{Semaphores}{chapter.17}% 58
\BOOKMARK [1][-]{section.17.6}{Readers/Writers}{chapter.17}% 59
\BOOKMARK [1][-]{section.17.7}{Asynchronous Channels}{chapter.17}% 60
\BOOKMARK [1][-]{section.17.8}{Synchronous Channels}{chapter.17}% 61
\BOOKMARK [1][-]{section.17.9}{Workers}{chapter.17}% 62
\BOOKMARK [1][-]{section.17.10}{Mailboxes}{chapter.17}% 63
\BOOKMARK [1][-]{section.17.11}{Actors}{chapter.17}% 64
